folioreader/build/outputs/logs/manifest-merger-debug-report.txt
-- Merging decision tree log ---
manifest
ADDED from IgnoreAll\folioreader\AndroidManifest.xml:2:1-10:12
INJECTED from IgnoreAll\folioreader\AndroidManifest.xml:2:1-10:12
INJECTED from IgnoreAll\folioreader\AndroidManifest.xml:2:1-10:12
INJECTED from IgnoreAll\folioreader\AndroidManifest.xml:2:1-10:12
INJECTED from IgnoreAll\folioreader\AndroidManifest.xml:2:1-10:12
INJECTED from IgnoreAll\folioreader\AndroidManifest.xml:2:1-10:12
INJECTED from IgnoreAll\folioreader\AndroidManifest.xml:2:1-10:12
	package
		ADDED from IgnoreAll\folioreader\AndroidManifest.xml:3:5-30
		INJECTED from IgnoreAll\folioreader\AndroidManifest.xml
		INJECTED from IgnoreAll\folioreader\AndroidManifest.xml
	android:versionName
		INJECTED from IgnoreAll\folioreader\AndroidManifest.xml
		ADDED from IgnoreAll\folioreader\AndroidManifest.xml:2:1-10:12
		INJECTED from IgnoreAll\folioreader\AndroidManifest.xml
	android:versionCode
		INJECTED from IgnoreAll\folioreader\AndroidManifest.xml
		ADDED from IgnoreAll\folioreader\AndroidManifest.xml:2:1-10:12
		INJECTED from IgnoreAll\folioreader\AndroidManifest.xml
	xmlns:android
		ADDED from IgnoreAll\folioreader\AndroidManifest.xml:2:11-69
uses-permission#android.permission.INTERNET
ADDED from IgnoreAll\folioreader\AndroidManifest.xml:5:5-67
	android:name
		ADDED from IgnoreAll\folioreader\AndroidManifest.xml:5:22-64
application
ADDED from IgnoreAll\folioreader\AndroidManifest.xml:6:5-8:19
activity#com.folioreader.ui.folio.activity.ContentHighlightActivity
ADDED from IgnoreAll\folioreader\AndroidManifest.xml:7:9-80
	android:name
		ADDED from IgnoreAll\folioreader\AndroidManifest.xml:7:19-77
uses-sdk
INJECTED from IgnoreAll\folioreader\AndroidManifest.xml reason: use-sdk injection requested
INJECTED from IgnoreAll\folioreader\AndroidManifest.xml
INJECTED from IgnoreAll\folioreader\AndroidManifest.xml
INJECTED from IgnoreAll\folioreader\AndroidManifest.xml
INJECTED from IgnoreAll\folioreader\AndroidManifest.xml
	android:targetSdkVersion
		INJECTED from IgnoreAll\folioreader\AndroidManifest.xml
		ADDED from IgnoreAll\folioreader\AndroidManifest.xml
		INJECTED from IgnoreAll\folioreader\AndroidManifest.xml
	android:minSdkVersion
		INJECTED from IgnoreAll\folioreader\AndroidManifest.xml
		ADDED from IgnoreAll\folioreader\AndroidManifest.xml
		INJECTED from IgnoreAll\folioreader\AndroidManifest.xml